<?xml version="1.0" encoding="UTF-8"?>
<testsuite xmlns:xsi="http://www.w3.org/2001/XMLSchema-instance" xsi:noNamespaceSchemaLocation="https://maven.apache.org/surefire/maven-surefire-plugin/xsd/surefire-test-report.xsd" version="3.0.2" name="com.blautech.crud.CrudApplicationTests" time="2.423" tests="1" errors="0" skipped="0" failures="0">
  <properties>
[...]
</properties>
  <testcase name="contextLoads" classname="com.blautech.crud.CrudApplicationTests" time="0.387">
    <system-out><![CDATA[10:48:18.461 [main] INFO org.springframework.test.context.support.AnnotationConfigContextLoaderUtils -- Could not detect default configuration classes for test class [com.blautech.crud.CrudApplicationTests]: CrudApplicationTests does not declare any static, non-private, non-final, nested classes annotated with @Configuration.
10:48:18.516 [main] INFO org.springframework.boot.test.context.SpringBootTestContextBootstrapper -- Found @SpringBootConfiguration com.blautech.crud.CrudApplication for test class com.blautech.crud.CrudApplicationTests

  .   ____          _            __ _ _
 /\\ / ___'_ __ _ _(_)_ __  __ _ \ \ \ \
( ( )\___ | '_ | '_| | '_ \/ _` | \ \ \ \
 \\/  ___)| |_)| | | | | || (_| |  ) ) ) )
  '  |____| .__|_| |_|_| |_\__, | / / / /
 =========|_|==============|___/=/_/_/_/

 :: Spring Boot ::                (v3.4.2)

2025-02-10T10:48:18.839-05:00  INFO 19683 --- [crud] [           main] com.blautech.crud.CrudApplicationTests   : Starting CrudApplicationTests using Java 17.0.14 with PID 19683 (started by miguelortiz in /Users/miguelortiz/Downloads/frontend/blautech)
2025-02-10T10:48:18.840-05:00  INFO 19683 --- [crud] [           main] com.blautech.crud.CrudApplicationTests   : No active profile set, falling back to 1 default profile: "default"
2025-02-10T10:48:19.309-05:00  INFO 19683 --- [crud] [           main] .s.d.r.c.RepositoryConfigurationDelegate : Bootstrapping Spring Data MongoDB repositories in DEFAULT mode.
2025-02-10T10:48:19.330-05:00  INFO 19683 --- [crud] [           main] .s.d.r.c.RepositoryConfigurationDelegate : Finished Spring Data repository scanning in 18 ms. Found 1 MongoDB repository interface.
2025-02-10T10:48:19.417-05:00  INFO 19683 --- [crud] [           main] o.s.cloud.context.scope.GenericScope     : BeanFactory id=912bed78-30a2-3258-b73d-c60974dd9df9
2025-02-10T10:48:19.697-05:00  INFO 19683 --- [crud] [           main] org.mongodb.driver.client                : MongoClient with metadata {"driver": {"name": "mongo-java-driver|sync|spring-boot", "version": "5.2.1"}, "os": {"type": "Darwin", "name": "Mac OS X", "architecture": "aarch64", "version": "13.4.1"}, "platform": "Java/Homebrew/17.0.14+0"} created with settings MongoClientSettings{readPreference=primary, writeConcern=WriteConcern{w=null, wTimeout=null ms, journal=null}, retryWrites=true, retryReads=true, readConcern=ReadConcern{level=null}, credential=MongoCredential{mechanism=null, userName='miguelortiz', source='admin', password=<hidden>, mechanismProperties=<hidden>}, transportSettings=null, commandListeners=[io.micrometer.core.instrument.binder.mongodb.MongoMetricsCommandListener@454bcbbf], codecRegistry=ProvidersCodecRegistry{codecProviders=[ValueCodecProvider{}, BsonValueCodecProvider{}, DBRefCodecProvider{}, DBObjectCodecProvider{}, DocumentCodecProvider{}, CollectionCodecProvider{}, IterableCodecProvider{}, MapCodecProvider{}, GeoJsonCodecProvider{}, GridFSFileCodecProvider{}, Jsr310CodecProvider{}, JsonObjectCodecProvider{}, BsonCodecProvider{}, EnumCodecProvider{}, com.mongodb.client.model.mql.ExpressionCodecProvider@2c9fdb64, com.mongodb.Jep395RecordCodecProvider@27e199ce, com.mongodb.KotlinCodecProvider@1c3b6963]}, loggerSettings=LoggerSettings{maxDocumentLength=1000}, clusterSettings={hosts=[127.0.0.1:27017], srvHost=cluster0.wkkfz.mongodb.net, srvServiceName=mongodb, mode=MULTIPLE, requiredClusterType=REPLICA_SET, requiredReplicaSetName='atlas-8kmimk-shard-0', serverSelector='null', clusterListeners='[]', serverSelectionTimeout='30000 ms', localThreshold='15 ms'}, socketSettings=SocketSettings{connectTimeoutMS=10000, readTimeoutMS=0, receiveBufferSize=0, proxySettings=ProxySettings{host=null, port=null, username=null, password=null}}, heartbeatSocketSettings=SocketSettings{connectTimeoutMS=10000, readTimeoutMS=10000, receiveBufferSize=0, proxySettings=ProxySettings{host=null, port=null, username=null, password=null}}, connectionPoolSettings=ConnectionPoolSettings{maxSize=100, minSize=0, maxWaitTimeMS=120000, maxConnectionLifeTimeMS=0, maxConnectionIdleTimeMS=0, maintenanceInitialDelayMS=0, maintenanceFrequencyMS=60000, connectionPoolListeners=[io.micrometer.core.instrument.binder.mongodb.MongoMetricsConnectionPoolListener@7364f68], maxConnecting=2}, serverSettings=ServerSettings{heartbeatFrequencyMS=10000, minHeartbeatFrequencyMS=500, serverMonitoringMode=AUTO, serverListeners='[]', serverMonitorListeners='[]'}, sslSettings=SslSettings{enabled=true, invalidHostNameAllowed=false, context=null}, applicationName='null', compressorList=[], uuidRepresentation=JAVA_LEGACY, serverApi=null, autoEncryptionSettings=null, dnsClient=null, inetAddressResolver=null, contextProvider=null, timeoutMS=null}
2025-02-10T10:48:19.781-05:00  INFO 19683 --- [crud] [kfz.mongodb.net] org.mongodb.driver.cluster               : Adding discovered server cluster0-shard-00-00.wkkfz.mongodb.net:27017 to client view of cluster
2025-02-10T10:48:19.794-05:00  INFO 19683 --- [crud] [kfz.mongodb.net] org.mongodb.driver.cluster               : Adding discovered server cluster0-shard-00-01.wkkfz.mongodb.net:27017 to client view of cluster
2025-02-10T10:48:19.796-05:00  INFO 19683 --- [crud] [kfz.mongodb.net] org.mongodb.driver.cluster               : Adding discovered server cluster0-shard-00-02.wkkfz.mongodb.net:27017 to client view of cluster
2025-02-10T10:48:20.219-05:00  INFO 19683 --- [crud] [ngodb.net:27017] org.mongodb.driver.cluster               : Monitor thread successfully connected to server with description ServerDescription{address=cluster0-shard-00-01.wkkfz.mongodb.net:27017, type=REPLICA_SET_SECONDARY, cryptd=false, state=CONNECTED, ok=true, minWireVersion=0, maxWireVersion=25, maxDocumentSize=16777216, logicalSessionTimeoutMinutes=30, roundTripTimeNanos=264827125, minRoundTripTimeNanos=0, setName='atlas-8kmimk-shard-0', canonicalAddress=cluster0-shard-00-01.wkkfz.mongodb.net:27017, hosts=[cluster0-shard-00-00.wkkfz.mongodb.net:27017, cluster0-shard-00-01.wkkfz.mongodb.net:27017, cluster0-shard-00-02.wkkfz.mongodb.net:27017], passives=[], arbiters=[], primary='cluster0-shard-00-02.wkkfz.mongodb.net:27017', tagSet=TagSet{[Tag{name='availabilityZone', value='use1-az4'}, Tag{name='diskState', value='READY'}, Tag{name='nodeType', value='ELECTABLE'}, Tag{name='provider', value='AWS'}, Tag{name='region', value='US_EAST_1'}, Tag{name='workloadType', value='OPERATIONAL'}]}, electionId=null, setVersion=208, topologyVersion=TopologyVersion{processId=679e6a5e9f75f370e4c0cedd, counter=3}, lastWriteDate=Mon Feb 10 10:48:20 COT 2025, lastUpdateTimeNanos=10880788356166}
2025-02-10T10:48:20.220-05:00  INFO 19683 --- [crud] [ngodb.net:27017] org.mongodb.driver.cluster               : Monitor thread successfully connected to server with description ServerDescription{address=cluster0-shard-00-02.wkkfz.mongodb.net:27017, type=REPLICA_SET_PRIMARY, cryptd=false, state=CONNECTED, ok=true, minWireVersion=0, maxWireVersion=25, maxDocumentSize=16777216, logicalSessionTimeoutMinutes=30, roundTripTimeNanos=266483459, minRoundTripTimeNanos=0, setName='atlas-8kmimk-shard-0', canonicalAddress=cluster0-shard-00-02.wkkfz.mongodb.net:27017, hosts=[cluster0-shard-00-00.wkkfz.mongodb.net:27017, cluster0-shard-00-01.wkkfz.mongodb.net:27017, cluster0-shard-00-02.wkkfz.mongodb.net:27017], passives=[], arbiters=[], primary='cluster0-shard-00-02.wkkfz.mongodb.net:27017', tagSet=TagSet{[Tag{name='availabilityZone', value='use1-az6'}, Tag{name='diskState', value='READY'}, Tag{name='nodeType', value='ELECTABLE'}, Tag{name='provider', value='AWS'}, Tag{name='region', value='US_EAST_1'}, Tag{name='workloadType', value='OPERATIONAL'}]}, electionId=7fffffff0000000000000223, setVersion=208, topologyVersion=TopologyVersion{processId=679e678a3040b4e1580a7e24, counter=6}, lastWriteDate=Mon Feb 10 10:48:20 COT 2025, lastUpdateTimeNanos=10880788340333}
2025-02-10T10:48:20.220-05:00  INFO 19683 --- [crud] [ngodb.net:27017] org.mongodb.driver.cluster               : Monitor thread successfully connected to server with description ServerDescription{address=cluster0-shard-00-00.wkkfz.mongodb.net:27017, type=REPLICA_SET_SECONDARY, cryptd=false, state=CONNECTED, ok=true, minWireVersion=0, maxWireVersion=25, maxDocumentSize=16777216, logicalSessionTimeoutMinutes=30, roundTripTimeNanos=262428834, minRoundTripTimeNanos=0, setName='atlas-8kmimk-shard-0', canonicalAddress=cluster0-shard-00-00.wkkfz.mongodb.net:27017, hosts=[cluster0-shard-00-00.wkkfz.mongodb.net:27017, cluster0-shard-00-01.wkkfz.mongodb.net:27017, cluster0-shard-00-02.wkkfz.mongodb.net:27017], passives=[], arbiters=[], primary='cluster0-shard-00-02.wkkfz.mongodb.net:27017', tagSet=TagSet{[Tag{name='availabilityZone', value='use1-az2'}, Tag{name='diskState', value='READY'}, Tag{name='nodeType', value='ELECTABLE'}, Tag{name='provider', value='AWS'}, Tag{name='region', value='US_EAST_1'}, Tag{name='workloadType', value='OPERATIONAL'}]}, electionId=null, setVersion=208, topologyVersion=TopologyVersion{processId=679e644d2c93186ff9823628, counter=4}, lastWriteDate=Mon Feb 10 10:48:20 GMT-05:00 2025, lastUpdateTimeNanos=10880788307875}
2025-02-10T10:48:20.222-05:00  INFO 19683 --- [crud] [ngodb.net:27017] org.mongodb.driver.cluster               : Discovered replica set primary cluster0-shard-00-02.wkkfz.mongodb.net:27017 with max election id 7fffffff0000000000000223 and max set version 208
2025-02-10T10:48:20.345-05:00  INFO 19683 --- [crud] [           main] o.s.b.a.e.web.EndpointLinksResolver      : Exposing 1 endpoint beneath base path '/actuator'
2025-02-10T10:48:20.380-05:00  INFO 19683 --- [crud] [           main] com.blautech.crud.CrudApplicationTests   : Started CrudApplicationTests in 1.692 seconds (process running for 2.296)
]]></system-out>
  </testcase>
</testsuite>